[10:04:50] [Server thread/INFO]: Starting minecraft server version 1.9.4
[10:04:50] [Server thread/INFO]: Loading properties
[10:04:50] [Server thread/INFO]: Default game type: SURVIVAL
[10:04:50] [Server thread/INFO]: Generating keypair
[10:04:51] [Server thread/INFO]: Starting Minecraft server on *:25565
[10:04:51] [Server thread/INFO]: Using epoll channel type
[10:04:51] [Server thread/WARN]: **** SERVER IS RUNNING IN OFFLINE/INSECURE MODE!
[10:04:51] [Server thread/WARN]: The server will make no attempt to authenticate usernames. Beware.
[10:04:51] [Server thread/WARN]: While this makes the game possible to play without internet access, it also opens up the ability for hackers to connect with any username they choose.
[10:04:51] [Server thread/WARN]: To change this, set "online-mode" to "true" in the server.properties file.
[10:04:51] [Server thread/INFO]: Preparing level "world"
[10:04:52] [Server thread/INFO]: Preparing start region for level 0
[10:04:54] [Server thread/INFO]: Preparing spawn area: 0%
[10:04:55] [Server thread/INFO]: Preparing spawn area: 15%
[10:04:56] [Server thread/INFO]: Preparing spawn area: 48%
[10:04:57] [Server thread/INFO]: Preparing spawn area: 93%
[10:04:58] [Server thread/INFO]: Done (6.356s)! For help, type "help" or "?"
[10:05:55] [Server thread/INFO]: lukasz34567[/192.168.2.115:60576] logged in with entity id 167 at (565.3694646742184, 123.0, -160.01816367849284)
[10:05:55] [Server thread/INFO]: lukasz34567 joined the game
[10:05:57] [Server thread/WARN]: Can't keep up! Did the system time change, or is the server overloaded? Running 2167ms behind, skipping 43 tick(s)
[10:06:06] [Server thread/INFO]: lukasz34567 lost connection: TextComponent{text='Disconnected', siblings=[], style=Style{hasParent=false, color=null, bold=null, italic=null, underlined=null, obfuscated=null, clickEvent=null, hoverEvent=null, insertion=null}}
[10:06:06] [Server thread/INFO]: lukasz34567 left the game
